<?xml version="1.0" encoding="UTF-8"?>
<!-- Generated by org.testng.reporters.JUnitReportReporter -->
<testsuite skipped="0" hostname="DESKTOP-RDMHKH3" name="SanityTests.calculatorDesktop" tests="1" failures="0" timestamp="2020-05-23T11:53:50 IDT" time="2.283" errors="0">
  <testcase name="calculate" time="2.283" classname="SanityTests.calculatorDesktop"/>
</testsuite> <!-- SanityTests.calculatorDesktop -->
