<?xml version="1.0" encoding="UTF-8"?>
<!-- Generated by org.testng.reporters.JUnitReportReporter -->
<testsuite skipped="0" hostname="DESKTOP-RDMHKH3" name="SanityTests.grafanaAPI" tests="4" failures="0" timestamp="2020-05-23T08:14:05 IDT" time="1.884" errors="0">
  <testcase name="addTeamAndVerify" time="1.579" classname="SanityTests.grafanaAPI"/>
  <testcase name="getTeamProperty" time="0.043" classname="SanityTests.grafanaAPI"/>
  <testcase name="updateTeamAndVerify" time="0.139" classname="SanityTests.grafanaAPI"/>
  <testcase name="deleteTeamAndVerify" time="0.123" classname="SanityTests.grafanaAPI"/>
</testsuite> <!-- SanityTests.grafanaAPI -->
